Using pre-set license
Built from '2021.3/staging' branch; Version is '2021.3.18f1 (3129e69bc0c7) revision 3221990'; Using compiler version '192829333'; Build Type 'Release'
OS: 'Windows 11  (10.0.22621) 64bit Core' Language: 'fr' Physical Memory: 32654 MB
BatchMode: 1, IsHumanControllingUs: 0, StartBugReporterOnCrash: 0, Is64bit: 1, IsPro: 1

COMMAND LINE ARGUMENTS:
C:\Program Files\Unity\Hub\Editor\2021.3.18f1\Editor\Unity.exe
-adb2
-batchMode
-noUpm
-name
AssetImportWorker247
-projectPath
C:/Users/Eva/Documents/GitHub/SkillTree/SkillTree
-logFile
Logs/AssetImportWorker247.log
-srvPort
60990
Successfully changed project path to: C:/Users/Eva/Documents/GitHub/SkillTree/SkillTree
C:/Users/Eva/Documents/GitHub/SkillTree/SkillTree
[UnityMemory] Configuration Parameters - Can be set up in boot.config
    "memorysetup-bucket-allocator-granularity=16"
    "memorysetup-bucket-allocator-bucket-count=8"
    "memorysetup-bucket-allocator-block-size=33554432"
    "memorysetup-bucket-allocator-block-count=8"
    "memorysetup-main-allocator-block-size=16777216"
    "memorysetup-thread-allocator-block-size=16777216"
    "memorysetup-gfx-main-allocator-block-size=16777216"
    "memorysetup-gfx-thread-allocator-block-size=16777216"
    "memorysetup-cache-allocator-block-size=4194304"
    "memorysetup-typetree-allocator-block-size=2097152"
    "memorysetup-profiler-bucket-allocator-granularity=16"
    "memorysetup-profiler-bucket-allocator-bucket-count=8"
    "memorysetup-profiler-bucket-allocator-block-size=33554432"
    "memorysetup-profiler-bucket-allocator-block-count=8"
    "memorysetup-profiler-allocator-block-size=16777216"
    "memorysetup-profiler-editor-allocator-block-size=1048576"
    "memorysetup-temp-allocator-size-main=16777216"
    "memorysetup-job-temp-allocator-block-size=2097152"
    "memorysetup-job-temp-allocator-block-size-background=1048576"
    "memorysetup-job-temp-allocator-reduction-small-platforms=262144"
    "memorysetup-temp-allocator-size-background-worker=32768"
    "memorysetup-temp-allocator-size-job-worker=262144"
    "memorysetup-temp-allocator-size-preload-manager=33554432"
    "memorysetup-temp-allocator-size-nav-mesh-worker=65536"
    "memorysetup-temp-allocator-size-audio-worker=65536"
    "memorysetup-temp-allocator-size-cloud-worker=32768"
    "memorysetup-temp-allocator-size-gi-baking-worker=262144"
    "memorysetup-temp-allocator-size-gfx=262144"
Player connection [102440] Host "[IP] 192.168.1.18 [Port] 0 [Flags] 2 [Guid] 3995813126 [EditorId] 3995813126 [Version] 1048832 [Id] WindowsEditor(7,DESKTOP-1FNTFCP) [Debug] 1 [PackageName] WindowsEditor [ProjectName] Editor" joined multi-casting on [225.0.0.222:54997]...

Player connection [102440] Host "[IP] 192.168.1.18 [Port] 0 [Flags] 2 [Guid] 3995813126 [EditorId] 3995813126 [Version] 1048832 [Id] WindowsEditor(7,DESKTOP-1FNTFCP) [Debug] 1 [PackageName] WindowsEditor [ProjectName] Editor" joined alternative multi-casting on [225.0.0.222:34997]...

mdb reader table full -> cleaning up stale readers. Current readers:
    pid     thread     txnid
     79116 fd78 -
    106704 1a0d4 -
     90504 1a2e0 -
    104156 1a22c -
    100552 1a8e4 -
    107696 1a54c -
     23900 1ab5c -
    108728 1a8e8 -
    100032 1a1e0 -
     97128 1837c -
    100264 1a3e0 -
     96216 107e4 -
    106328 185c8 -
     95992 12ed8 -
     24244 17644 -
    106492 5580 -
    106980 6028 -
     53396 1a574 -
     42608 62e8 -
    106596 193d8 -
    102268 19670 -
    105804 19080 -
    103404 1a43c -
    103044 19074 -
    108536 187a0 -
    109700 1ac88 -
     79116 17e64 -
    110180 1ae68 -
    107144 198b8 -
    108896 184e4 -
    110880 1b124 -
    111372 1b310 -
    110024 1adcc -
    109996 1adb0 -
    102812 15304 -
    102152 18a44 -
    102020 17d98 -
    107796 17f2c -
    110040 1ae20 -
    103756 1b328 -
    105080 1b380 -
    106664 ff98 -
    103696 18b64 -
     48052 2edc -
    103968 1606c -
    109336 1ac34 -
     89112 1aa38 -
    105016 1abd8 -
     99436 1a758 -
    100076 1b3e8 -
     78136 189f4 -
     87668 1ac50 -
    109340 fb4c -
    104080 182d8 -
    110524 1adf4 -
    105492 1038c -
    110508 1ae0c -
    100492 19f30 -
    108604 17b9c -
    105208 14c28 -
     96452 19ad0 -
    109428 1afe4 -
    108308 1a6b8 -
    111252 1b15c -
    101360 1ab64 -
    110160 1aef8 -
     25836 19414 -
     97296 1b2ec -
    100180 1ae3c -
     98764 14460 -
    101156 1a73c -
    110744 fbec -
    105820 1b218 -
    111576 1b090 -
    110984 1b194 -
    111304 158cc -
    111548 196b8 -
    101464 1b3ec -
     95684 176c0 -
     89708 18aac -
    111344 19064 -
    111452 19ed8 -
    110696 18f5c -
    103876 1b0d8 -
     64284 1af14 -
    107380 1a478 -
     96604 19ce4 -
    106668 17a08 -
     90280 2d48 -
    111320 1ad0c -
    109932 1b278 -
    103564 18774 -
    111016 11b08 -
    107960 1aaf8 -
    110868 19634 -
    104968 194a0 -
    110344 1ae00 -
     20504 1af64 -
    100520 19c34 -
     99476 17348 -
    106528 186bc -
     28896 18e5c -
    110496 190f0 -
     94392 188b4 -
    109868 1b488 -
     71376 1b7bc -
     99532 193d4 -
    108540 191a8 -
    111940 1a89c -
     14476 18bd0 -
     51396 153a8 -
    111800 1986c -
    111760 1b0fc -
    111588 174ac -
    104400 1ad68 -
    109740 19f20 -
     99676 6f28 -
    112404 18cbc -
    101456 1ad00 -
    104028 1a93c -
     44716 1b29c -
     98364 1b644 -
    106280 1a98c -
    104724 1b398 -
    110648 1af04 -
    100124 19894 -
Cleaned out 121 stale readers
Refreshing native plugins compatible for Editor in 82.11 ms, found 3 plugins.
Preloading 0 native plugins for Editor in 0.00 ms.
Initialize engine version: 2021.3.18f1 (3129e69bc0c7)
[Subsystems] Discovering subsystems at path C:/Program Files/Unity/Hub/Editor/2021.3.18f1/Editor/Data/Resources/UnitySubsystems
[Subsystems] Discovering subsystems at path C:/Users/Eva/Documents/GitHub/SkillTree/SkillTree/Assets
GfxDevice: creating device client; threaded=0; jobified=0
Direct3D:
    Version:  Direct3D 11.0 [level 11.1]
    Renderer: NVIDIA GeForce RTX 3060 Ti (ID=0x2489)
    Vendor:   NVIDIA
    VRAM:     8038 MB
    Driver:   31.0.15.2802
Initialize mono
Mono path[0] = 'C:/Program Files/Unity/Hub/Editor/2021.3.18f1/Editor/Data/Managed'
Mono path[1] = 'C:/Program Files/Unity/Hub/Editor/2021.3.18f1/Editor/Data/MonoBleedingEdge/lib/mono/unityjit-win32'
Mono config path = 'C:/Program Files/Unity/Hub/Editor/2021.3.18f1/Editor/Data/MonoBleedingEdge/etc'
Using monoOptions --debugger-agent=transport=dt_socket,embedding=1,server=y,suspend=n,address=127.0.0.1:56112
Begin MonoManager ReloadAssembly
Registering precompiled unity dll's ...
Register platform support module: C:/Program Files/Unity/Hub/Editor/2021.3.18f1/Editor/Data/PlaybackEngines/WebGLSupport/UnityEditor.WebGL.Extensions.dll
Register platform support module: C:/Program Files/Unity/Hub/Editor/2021.3.18f1/Editor/Data/PlaybackEngines/WindowsStandaloneSupport/UnityEditor.WindowsStandalone.Extensions.dll
Registered in 0.005108 seconds.
Native extension for WindowsStandalone target not found
Native extension for WebGL target not found
Refreshing native plugins compatible for Editor in 66.23 ms, found 3 plugins.
Preloading 0 native plugins for Editor in 0.00 ms.
Mono: successfully reloaded assembly
- Completed reload, in  0.528 seconds
Domain Reload Profiling:
	ReloadAssembly (529ms)
		BeginReloadAssembly (61ms)
			ExecutionOrderSort (0ms)
			DisableScriptedObjects (0ms)
			BackupInstance (0ms)
			ReleaseScriptingObjects (0ms)
			CreateAndSetChildDomain (1ms)
		EndReloadAssembly (382ms)
			LoadAssemblies (59ms)
			RebuildTransferFunctionScriptingTraits (0ms)
			SetupTypeCache (84ms)
			ReleaseScriptCaches (0ms)
			RebuildScriptCaches (24ms)
			SetupLoadedEditorAssemblies (231ms)
				LogAssemblyErrors (0ms)
				InitializePlatformSupportModulesInManaged (8ms)
				SetLoadedEditorAssemblies (0ms)
				RefreshPlugins (66ms)
				BeforeProcessingInitializeOnLoad (2ms)
				ProcessInitializeOnLoadAttributes (116ms)
				ProcessInitializeOnLoadMethodAttributes (39ms)
				AfterProcessingInitializeOnLoad (0ms)
				EditorAssembliesLoaded (0ms)
			ExecutionOrderSort2 (0ms)
			AwakeInstancesAfterBackupRestoration (0ms)
Platform modules already initialized, skipping
Registering precompiled user dll's ...
Registered in 0.004818 seconds.
Begin MonoManager ReloadAssembly
Symbol file LoadedFromMemory doesn't match image C:\Users\Eva\Documents\GitHub\SkillTree\SkillTree\Library\PackageCache\com.unity.visualscripting@1.8.0\Editor\VisualScripting.Core\Dependencies\YamlDotNet\Unity.VisualScripting.YamlDotNet.dll
Symbol file LoadedFromMemory doesn't match image C:\Users\Eva\Documents\GitHub\SkillTree\SkillTree\Library\PackageCache\com.unity.visualscripting@1.8.0\Editor\VisualScripting.Core\Dependencies\DotNetZip\Unity.VisualScripting.IonicZip.dll
Native extension for WindowsStandalone target not found
Native extension for WebGL target not found
Refreshing native plugins compatible for Editor in 0.85 ms, found 3 plugins.
Preloading 0 native plugins for Editor in 0.00 ms.
Mono: successfully reloaded assembly
- Completed reload, in  0.809 seconds
Domain Reload Profiling:
	ReloadAssembly (809ms)
		BeginReloadAssembly (98ms)
			ExecutionOrderSort (0ms)
			DisableScriptedObjects (5ms)
			BackupInstance (0ms)
			ReleaseScriptingObjects (0ms)
			CreateAndSetChildDomain (20ms)
		EndReloadAssembly (622ms)
			LoadAssemblies (69ms)
			RebuildTransferFunctionScriptingTraits (0ms)
			SetupTypeCache (203ms)
			ReleaseScriptCaches (0ms)
			RebuildScriptCaches (42ms)
			SetupLoadedEditorAssemblies (282ms)
				LogAssemblyErrors (0ms)
				InitializePlatformSupportModulesInManaged (6ms)
				SetLoadedEditorAssemblies (1ms)
				RefreshPlugins (1ms)
				BeforeProcessingInitializeOnLoad (68ms)
				ProcessInitializeOnLoadAttributes (185ms)
				ProcessInitializeOnLoadMethodAttributes (15ms)
				AfterProcessingInitializeOnLoad (6ms)
				EditorAssembliesLoaded (0ms)
			ExecutionOrderSort2 (0ms)
			AwakeInstancesAfterBackupRestoration (5ms)
Platform modules already initialized, skipping
AssetImportWorkerClient::OnTransportError - code=10061 error=Aucune connexion n’a pu être établie car l’ordinateur cible l’a expressément refusée.
