Using pre-set license
Built from '2021.3/staging' branch; Version is '2021.3.18f1 (3129e69bc0c7) revision 3221990'; Using compiler version '192829333'; Build Type 'Release'
OS: 'Windows 11  (10.0.22621) 64bit Core' Language: 'fr' Physical Memory: 32654 MB
BatchMode: 1, IsHumanControllingUs: 0, StartBugReporterOnCrash: 0, Is64bit: 1, IsPro: 1

COMMAND LINE ARGUMENTS:
C:\Program Files\Unity\Hub\Editor\2021.3.18f1\Editor\Unity.exe
-adb2
-batchMode
-noUpm
-name
AssetImportWorker122
-projectPath
C:/Users/Eva/Documents/GitHub/SkillTree/SkillTree
-logFile
Logs/AssetImportWorker122.log
-srvPort
50468
Successfully changed project path to: C:/Users/Eva/Documents/GitHub/SkillTree/SkillTree
C:/Users/Eva/Documents/GitHub/SkillTree/SkillTree
[UnityMemory] Configuration Parameters - Can be set up in boot.config
    "memorysetup-bucket-allocator-granularity=16"
    "memorysetup-bucket-allocator-bucket-count=8"
    "memorysetup-bucket-allocator-block-size=33554432"
    "memorysetup-bucket-allocator-block-count=8"
    "memorysetup-main-allocator-block-size=16777216"
    "memorysetup-thread-allocator-block-size=16777216"
    "memorysetup-gfx-main-allocator-block-size=16777216"
    "memorysetup-gfx-thread-allocator-block-size=16777216"
    "memorysetup-cache-allocator-block-size=4194304"
    "memorysetup-typetree-allocator-block-size=2097152"
    "memorysetup-profiler-bucket-allocator-granularity=16"
    "memorysetup-profiler-bucket-allocator-bucket-count=8"
    "memorysetup-profiler-bucket-allocator-block-size=33554432"
    "memorysetup-profiler-bucket-allocator-block-count=8"
    "memorysetup-profiler-allocator-block-size=16777216"
    "memorysetup-profiler-editor-allocator-block-size=1048576"
    "memorysetup-temp-allocator-size-main=16777216"
    "memorysetup-job-temp-allocator-block-size=2097152"
    "memorysetup-job-temp-allocator-block-size-background=1048576"
    "memorysetup-job-temp-allocator-reduction-small-platforms=262144"
    "memorysetup-temp-allocator-size-background-worker=32768"
    "memorysetup-temp-allocator-size-job-worker=262144"
    "memorysetup-temp-allocator-size-preload-manager=33554432"
    "memorysetup-temp-allocator-size-nav-mesh-worker=65536"
    "memorysetup-temp-allocator-size-audio-worker=65536"
    "memorysetup-temp-allocator-size-cloud-worker=32768"
    "memorysetup-temp-allocator-size-gi-baking-worker=262144"
    "memorysetup-temp-allocator-size-gfx=262144"
Player connection [58624] Host "[IP] 192.168.1.18 [Port] 0 [Flags] 2 [Guid] 1594890455 [EditorId] 1594890455 [Version] 1048832 [Id] WindowsEditor(7,DESKTOP-1FNTFCP) [Debug] 1 [PackageName] WindowsEditor [ProjectName] Editor" joined multi-casting on [225.0.0.222:54997]...

Player connection [58624] Host "[IP] 192.168.1.18 [Port] 0 [Flags] 2 [Guid] 1594890455 [EditorId] 1594890455 [Version] 1048832 [Id] WindowsEditor(7,DESKTOP-1FNTFCP) [Debug] 1 [PackageName] WindowsEditor [ProjectName] Editor" joined alternative multi-casting on [225.0.0.222:34997]...

mdb reader table full -> cleaning up stale readers. Current readers:
    pid     thread     txnid
     19584 64a8 -
     22692 11694 -
     19584 ecb8 -
     19584 77a0 -
     58988 ab04 -
      2080 d4f4 -
     75928 f9ec -
     53608 6bfc -
     72072 12bcc -
     25988 bdc4 -
     68020 b23c -
     30512 adf0 -
     75672 13f4 -
     47696 55dc -
     57776 3560 -
     18976 56b0 -
     63696 5e74 -
     56560 10c4c -
     52964 c764 -
     23380 380c -
     68788 12edc -
     32136 11f08 -
     37132 91cc -
     67076 f18c -
     67092 121b4 -
     29320 dbf0 -
     54744 11334 -
     67724 ad08 -
     11888 12cb4 -
     17312 12fac -
      9348 c9bc -
     34336 ccd4 -
     42060 26e4 -
     72100 11640 -
     58340 f720 -
     62024 b64c -
     76780 3a94 -
     56776 fe10 -
      8776 5604 -
     15112 4058 -
     70688 bb04 -
     28396 7994 -
      2436 d84 -
     40704 118d0 -
     76992 11cd4 -
     47428 1065c -
     23240 b638 -
     11880 3248 -
     65676 76a8 -
     69428 a3dc -
     49704 6354 -
     60188 5494 -
     54988 3654 -
     21512 e454 -
     53244 f624 -
     46580 b330 -
     49380 1bec -
     45120 122b4 -
      3064 1d98 -
     19584 1c6c -
     13712 12fa8 -
     21696 4520 -
     13480 fd28 -
     26212 e1f4 -
     66088 c6c8 -
     31944 9474 -
     60324 421c -
     25716 4bf8 -
      4036 1180c -
     68400 98f0 -
     53668 74a4 -
     19464 b860 -
     46120 6e8c -
     45520 5940 -
     46832 8054 -
     29428 d87c -
     38116 4d48 -
     63780 43ac -
     61904 20c0 -
     21864 7940 -
     35648 fca4 -
     62928 3858 -
     24236 fbb4 -
     12904 2948 -
     10064 6b18 -
     14552 f60 -
     15644 2714 -
     15476 12be0 -
     62888 10a04 -
     58048 d5f4 -
     47640 b00c -
     55124 12c78 -
     12756 de34 -
     30660 42f4 -
     69156 5f78 -
     43280 7818 -
     60184 5448 -
     11280 bd9c -
     18304 114f8 -
     51996 7524 -
     14016 115a4 -
     54864 9018 -
     71932 3988 -
     46380 ccc4 -
     50052 3a24 -
     63116 16dc -
     73136 fcc -
     69820 8d8c -
     16392 f0bc -
     61420 11a18 -
     62852 1082c -
     61068 ba10 -
     30696 bb1c -
     24068 da84 -
     41904 7594 -
     46128 11660 -
      7060 d8f8 -
     20436 110c8 -
     33784 60d4 -
     59656 3f78 -
     43824 d520 -
     24204 a614 -
     69348 9148 -
     13052 cac -
     20212 aaa8 -
     19976 a078 -
Cleaned out 122 stale readers
Refreshing native plugins compatible for Editor in 63.12 ms, found 3 plugins.
Preloading 0 native plugins for Editor in 0.00 ms.
Initialize engine version: 2021.3.18f1 (3129e69bc0c7)
[Subsystems] Discovering subsystems at path C:/Program Files/Unity/Hub/Editor/2021.3.18f1/Editor/Data/Resources/UnitySubsystems
[Subsystems] Discovering subsystems at path C:/Users/Eva/Documents/GitHub/SkillTree/SkillTree/Assets
GfxDevice: creating device client; threaded=0; jobified=0
Direct3D:
    Version:  Direct3D 11.0 [level 11.1]
    Renderer: NVIDIA GeForce RTX 3060 Ti (ID=0x2489)
    Vendor:   NVIDIA
    VRAM:     8038 MB
    Driver:   31.0.15.2802
Initialize mono
Mono path[0] = 'C:/Program Files/Unity/Hub/Editor/2021.3.18f1/Editor/Data/Managed'
Mono path[1] = 'C:/Program Files/Unity/Hub/Editor/2021.3.18f1/Editor/Data/MonoBleedingEdge/lib/mono/unityjit-win32'
Mono config path = 'C:/Program Files/Unity/Hub/Editor/2021.3.18f1/Editor/Data/MonoBleedingEdge/etc'
Using monoOptions --debugger-agent=transport=dt_socket,embedding=1,server=y,suspend=n,address=127.0.0.1:56576
Begin MonoManager ReloadAssembly
Registering precompiled unity dll's ...
Register platform support module: C:/Program Files/Unity/Hub/Editor/2021.3.18f1/Editor/Data/PlaybackEngines/WebGLSupport/UnityEditor.WebGL.Extensions.dll
Register platform support module: C:/Program Files/Unity/Hub/Editor/2021.3.18f1/Editor/Data/PlaybackEngines/WindowsStandaloneSupport/UnityEditor.WindowsStandalone.Extensions.dll
Registered in 0.004765 seconds.
Native extension for WindowsStandalone target not found
Native extension for WebGL target not found
Refreshing native plugins compatible for Editor in 69.11 ms, found 3 plugins.
Preloading 0 native plugins for Editor in 0.00 ms.
Mono: successfully reloaded assembly
- Completed reload, in  0.539 seconds
Domain Reload Profiling:
	ReloadAssembly (539ms)
		BeginReloadAssembly (60ms)
			ExecutionOrderSort (0ms)
			DisableScriptedObjects (0ms)
			BackupInstance (0ms)
			ReleaseScriptingObjects (0ms)
			CreateAndSetChildDomain (1ms)
		EndReloadAssembly (392ms)
			LoadAssemblies (58ms)
			RebuildTransferFunctionScriptingTraits (0ms)
			SetupTypeCache (76ms)
			ReleaseScriptCaches (0ms)
			RebuildScriptCaches (24ms)
			SetupLoadedEditorAssemblies (251ms)
				LogAssemblyErrors (0ms)
				InitializePlatformSupportModulesInManaged (9ms)
				SetLoadedEditorAssemblies (0ms)
				RefreshPlugins (69ms)
				BeforeProcessingInitializeOnLoad (1ms)
				ProcessInitializeOnLoadAttributes (127ms)
				ProcessInitializeOnLoadMethodAttributes (44ms)
				AfterProcessingInitializeOnLoad (0ms)
				EditorAssembliesLoaded (0ms)
			ExecutionOrderSort2 (0ms)
			AwakeInstancesAfterBackupRestoration (0ms)
Platform modules already initialized, skipping
Registering precompiled user dll's ...
Registered in 0.004551 seconds.
Begin MonoManager ReloadAssembly
Symbol file LoadedFromMemory doesn't match image C:\Users\Eva\Documents\GitHub\SkillTree\SkillTree\Library\PackageCache\com.unity.visualscripting@1.8.0\Editor\VisualScripting.Core\Dependencies\YamlDotNet\Unity.VisualScripting.YamlDotNet.dll
Symbol file LoadedFromMemory doesn't match image C:\Users\Eva\Documents\GitHub\SkillTree\SkillTree\Library\PackageCache\com.unity.visualscripting@1.8.0\Editor\VisualScripting.Core\Dependencies\DotNetZip\Unity.VisualScripting.IonicZip.dll
Native extension for WindowsStandalone target not found
Native extension for WebGL target not found
Refreshing native plugins compatible for Editor in 0.64 ms, found 3 plugins.
Preloading 0 native plugins for Editor in 0.00 ms.
Mono: successfully reloaded assembly
- Completed reload, in  0.802 seconds
Domain Reload Profiling:
	ReloadAssembly (803ms)
		BeginReloadAssembly (86ms)
			ExecutionOrderSort (0ms)
			DisableScriptedObjects (5ms)
			BackupInstance (0ms)
			ReleaseScriptingObjects (0ms)
			CreateAndSetChildDomain (18ms)
		EndReloadAssembly (625ms)
			LoadAssemblies (62ms)
			RebuildTransferFunctionScriptingTraits (0ms)
			SetupTypeCache (196ms)
			ReleaseScriptCaches (0ms)
			RebuildScriptCaches (39ms)
			SetupLoadedEditorAssemblies (295ms)
				LogAssemblyErrors (0ms)
				InitializePlatformSupportModulesInManaged (6ms)
				SetLoadedEditorAssemblies (0ms)
				RefreshPlugins (1ms)
				BeforeProcessingInitializeOnLoad (72ms)
				ProcessInitializeOnLoadAttributes (190ms)
				ProcessInitializeOnLoadMethodAttributes (18ms)
				AfterProcessingInitializeOnLoad (7ms)
				EditorAssembliesLoaded (0ms)
			ExecutionOrderSort2 (0ms)
			AwakeInstancesAfterBackupRestoration (5ms)
Platform modules already initialized, skipping
