Using pre-set license
Built from '2021.3/staging' branch; Version is '2021.3.18f1 (3129e69bc0c7) revision 3221990'; Using compiler version '192829333'; Build Type 'Release'
OS: 'Windows 11  (10.0.22621) 64bit Core' Language: 'fr' Physical Memory: 32654 MB
BatchMode: 1, IsHumanControllingUs: 0, StartBugReporterOnCrash: 0, Is64bit: 1, IsPro: 1

COMMAND LINE ARGUMENTS:
C:\Program Files\Unity\Hub\Editor\2021.3.18f1\Editor\Unity.exe
-adb2
-batchMode
-noUpm
-name
AssetImportWorker122
-projectPath
C:/Users/Eva/Documents/GitHub/SkillTree/SkillTree
-logFile
Logs/AssetImportWorker122.log
-srvPort
60990
Successfully changed project path to: C:/Users/Eva/Documents/GitHub/SkillTree/SkillTree
C:/Users/Eva/Documents/GitHub/SkillTree/SkillTree
[UnityMemory] Configuration Parameters - Can be set up in boot.config
    "memorysetup-bucket-allocator-granularity=16"
    "memorysetup-bucket-allocator-bucket-count=8"
    "memorysetup-bucket-allocator-block-size=33554432"
    "memorysetup-bucket-allocator-block-count=8"
    "memorysetup-main-allocator-block-size=16777216"
    "memorysetup-thread-allocator-block-size=16777216"
    "memorysetup-gfx-main-allocator-block-size=16777216"
    "memorysetup-gfx-thread-allocator-block-size=16777216"
    "memorysetup-cache-allocator-block-size=4194304"
    "memorysetup-typetree-allocator-block-size=2097152"
    "memorysetup-profiler-bucket-allocator-granularity=16"
    "memorysetup-profiler-bucket-allocator-bucket-count=8"
    "memorysetup-profiler-bucket-allocator-block-size=33554432"
    "memorysetup-profiler-bucket-allocator-block-count=8"
    "memorysetup-profiler-allocator-block-size=16777216"
    "memorysetup-profiler-editor-allocator-block-size=1048576"
    "memorysetup-temp-allocator-size-main=16777216"
    "memorysetup-job-temp-allocator-block-size=2097152"
    "memorysetup-job-temp-allocator-block-size-background=1048576"
    "memorysetup-job-temp-allocator-reduction-small-platforms=262144"
    "memorysetup-temp-allocator-size-background-worker=32768"
    "memorysetup-temp-allocator-size-job-worker=262144"
    "memorysetup-temp-allocator-size-preload-manager=33554432"
    "memorysetup-temp-allocator-size-nav-mesh-worker=65536"
    "memorysetup-temp-allocator-size-audio-worker=65536"
    "memorysetup-temp-allocator-size-cloud-worker=32768"
    "memorysetup-temp-allocator-size-gi-baking-worker=262144"
    "memorysetup-temp-allocator-size-gfx=262144"
Player connection [109036] Host "[IP] 192.168.1.18 [Port] 0 [Flags] 2 [Guid] 1978809052 [EditorId] 1978809052 [Version] 1048832 [Id] WindowsEditor(7,DESKTOP-1FNTFCP) [Debug] 1 [PackageName] WindowsEditor [ProjectName] Editor" joined multi-casting on [225.0.0.222:54997]...

Player connection [109036] Host "[IP] 192.168.1.18 [Port] 0 [Flags] 2 [Guid] 1978809052 [EditorId] 1978809052 [Version] 1048832 [Id] WindowsEditor(7,DESKTOP-1FNTFCP) [Debug] 1 [PackageName] WindowsEditor [ProjectName] Editor" joined alternative multi-casting on [225.0.0.222:34997]...

mdb reader table full -> cleaning up stale readers. Current readers:
    pid     thread     txnid
     79116 fd78 -
    104272 17948 -
     79116 15244 -
     79116 8210 -
     56340 17e54 -
     99416 d6b0 -
    102460 19040 -
    102660 19108 -
     67708 41fc -
    102060 18dd4 -
    103260 193a8 -
     14640 19394 -
     25684 18518 -
    102380 18460 -
     54320 19264 -
     99924 188f8 -
     99796 16d74 -
     86568 f808 -
     11896 19380 -
     96800 19128 -
     98116 c348 -
     96432 15360 -
     99820 5c4c -
    102476 1876c -
     98344 1966c -
    104356 197a0 -
     67324 19234 -
     93584 14a50 -
    101256 182dc -
     96404 15fcc -
     18708 17fa4 -
    101000 18cb8 -
    102608 18968 -
     97932 19078 -
     96788 195d0 -
     97276 9158 -
     99788 19bdc -
    105224 19b0c -
     68820 18b5c -
    102048 191c8 -
    104900 199b8 -
    101876 19290 -
    103192 96a8 -
     55504 19974 -
    104896 b61c -
     98800 15e60 -
    101296 1955c -
     96976 19854 -
    102840 2a30 -
    100276 19558 -
     87788 1917c -
    104516 187fc -
    100848 187c8 -
    102800 16b40 -
    102636 e630 -
     75480 15300 -
    103200 18d54 -
     24256 17fb0 -
    103516 18c24 -
    104664 19678 -
    105772 19d30 -
    105928 19dcc -
    101028 199e4 -
    102728 197c0 -
    102976 195dc -
    101832 18844 -
    106048 19e80 -
     81184 19e48 -
     96792 d9c4 -
    102916 e448 -
    105288 18618 -
    106624 193e4 -
     92236 151a8 -
    106964 19f18 -
    106928 194a4 -
    103808 19b4c -
     89900 1a324 -
    107008 339c -
    108316 1a720 -
    107964 1a5e0 -
    106552 192bc -
    103076 16490 -
     94852 19980 -
     88208 1960c -
    108492 16654 -
    106436 198ac -
     91192 1a31c -
    105944 1a570 -
     78128 18640 -
    107604 1a5ac -
     99692 1a1d8 -
     57656 11a38 -
    108012 1a314 -
     79460 1a4cc -
    106536 19968 -
    103684 18b48 -
     67644 1922c -
    106612 1a4f4 -
    107072 19e44 -
    104184 14eac -
     75892 19a3c -
    104420 199b4 -
    107088 1a270 -
    109448 1ab8c -
     68776 5e2c -
    106544 182f4 -
    103636 1989c -
     41172 197bc -
     90532 19820 -
    102720 1a3b4 -
    108620 1a518 -
    109080 1aa00 -
    109132 1aa54 -
    105864 1981c -
    104136 194cc -
    102804 13d5c -
    108512 16890 -
    107672 1a0f8 -
    108716 1abfc -
    104980 192c0 -
    108824 10b90 -
    107916 19a84 -
    108980 1a9b8 -
     79116 1abc0 -
    108508 1a3a8 -
    107752 187e4 -
Cleaned out 121 stale readers
Refreshing native plugins compatible for Editor in 69.84 ms, found 3 plugins.
Preloading 0 native plugins for Editor in 0.00 ms.
Initialize engine version: 2021.3.18f1 (3129e69bc0c7)
[Subsystems] Discovering subsystems at path C:/Program Files/Unity/Hub/Editor/2021.3.18f1/Editor/Data/Resources/UnitySubsystems
[Subsystems] Discovering subsystems at path C:/Users/Eva/Documents/GitHub/SkillTree/SkillTree/Assets
GfxDevice: creating device client; threaded=0; jobified=0
Direct3D:
    Version:  Direct3D 11.0 [level 11.1]
    Renderer: NVIDIA GeForce RTX 3060 Ti (ID=0x2489)
    Vendor:   NVIDIA
    VRAM:     8038 MB
    Driver:   31.0.15.2802
Initialize mono
Mono path[0] = 'C:/Program Files/Unity/Hub/Editor/2021.3.18f1/Editor/Data/Managed'
Mono path[1] = 'C:/Program Files/Unity/Hub/Editor/2021.3.18f1/Editor/Data/MonoBleedingEdge/lib/mono/unityjit-win32'
Mono config path = 'C:/Program Files/Unity/Hub/Editor/2021.3.18f1/Editor/Data/MonoBleedingEdge/etc'
Using monoOptions --debugger-agent=transport=dt_socket,embedding=1,server=y,suspend=n,address=127.0.0.1:56804
Begin MonoManager ReloadAssembly
Registering precompiled unity dll's ...
Register platform support module: C:/Program Files/Unity/Hub/Editor/2021.3.18f1/Editor/Data/PlaybackEngines/WebGLSupport/UnityEditor.WebGL.Extensions.dll
Register platform support module: C:/Program Files/Unity/Hub/Editor/2021.3.18f1/Editor/Data/PlaybackEngines/WindowsStandaloneSupport/UnityEditor.WindowsStandalone.Extensions.dll
Registered in 0.005392 seconds.
Native extension for WindowsStandalone target not found
Native extension for WebGL target not found
Refreshing native plugins compatible for Editor in 68.41 ms, found 3 plugins.
Preloading 0 native plugins for Editor in 0.00 ms.
Mono: successfully reloaded assembly
- Completed reload, in  0.556 seconds
Domain Reload Profiling:
	ReloadAssembly (556ms)
		BeginReloadAssembly (69ms)
			ExecutionOrderSort (0ms)
			DisableScriptedObjects (0ms)
			BackupInstance (0ms)
			ReleaseScriptingObjects (0ms)
			CreateAndSetChildDomain (1ms)
		EndReloadAssembly (395ms)
			LoadAssemblies (67ms)
			RebuildTransferFunctionScriptingTraits (0ms)
			SetupTypeCache (91ms)
			ReleaseScriptCaches (0ms)
			RebuildScriptCaches (25ms)
			SetupLoadedEditorAssemblies (234ms)
				LogAssemblyErrors (0ms)
				InitializePlatformSupportModulesInManaged (8ms)
				SetLoadedEditorAssemblies (0ms)
				RefreshPlugins (68ms)
				BeforeProcessingInitializeOnLoad (1ms)
				ProcessInitializeOnLoadAttributes (116ms)
				ProcessInitializeOnLoadMethodAttributes (40ms)
				AfterProcessingInitializeOnLoad (0ms)
				EditorAssembliesLoaded (0ms)
			ExecutionOrderSort2 (0ms)
			AwakeInstancesAfterBackupRestoration (0ms)
Platform modules already initialized, skipping
Registering precompiled user dll's ...
Registered in 0.004750 seconds.
Begin MonoManager ReloadAssembly
Symbol file LoadedFromMemory doesn't match image C:\Users\Eva\Documents\GitHub\SkillTree\SkillTree\Library\PackageCache\com.unity.visualscripting@1.8.0\Editor\VisualScripting.Core\Dependencies\YamlDotNet\Unity.VisualScripting.YamlDotNet.dll
Symbol file LoadedFromMemory doesn't match image C:\Users\Eva\Documents\GitHub\SkillTree\SkillTree\Library\PackageCache\com.unity.visualscripting@1.8.0\Editor\VisualScripting.Core\Dependencies\DotNetZip\Unity.VisualScripting.IonicZip.dll
Native extension for WindowsStandalone target not found
Native extension for WebGL target not found
Refreshing native plugins compatible for Editor in 0.45 ms, found 3 plugins.
Preloading 0 native plugins for Editor in 0.00 ms.
Mono: successfully reloaded assembly
- Completed reload, in  0.863 seconds
Domain Reload Profiling:
	ReloadAssembly (864ms)
		BeginReloadAssembly (94ms)
			ExecutionOrderSort (0ms)
			DisableScriptedObjects (5ms)
			BackupInstance (0ms)
			ReleaseScriptingObjects (0ms)
			CreateAndSetChildDomain (20ms)
		EndReloadAssembly (680ms)
			LoadAssemblies (67ms)
			RebuildTransferFunctionScriptingTraits (0ms)
			SetupTypeCache (220ms)
			ReleaseScriptCaches (1ms)
			RebuildScriptCaches (49ms)
			SetupLoadedEditorAssemblies (309ms)
				LogAssemblyErrors (0ms)
				InitializePlatformSupportModulesInManaged (6ms)
				SetLoadedEditorAssemblies (0ms)
				RefreshPlugins (0ms)
				BeforeProcessingInitializeOnLoad (76ms)
				ProcessInitializeOnLoadAttributes (202ms)
				ProcessInitializeOnLoadMethodAttributes (17ms)
				AfterProcessingInitializeOnLoad (7ms)
				EditorAssembliesLoaded (0ms)
			ExecutionOrderSort2 (0ms)
			AwakeInstancesAfterBackupRestoration (5ms)
Platform modules already initialized, skipping
